*** Using Compiler 'V5.06 update 5 (build 528)', folder: 'D:\Keil_v5\ARM\ARMCC\Bin'
Rebuild target 'Bike'
Note: source file '../Middlewares/lvgl/src/libs/gltf/gltf_view/lv_gltf_view_shader.cpp' - object file renamed from 'Bike\lv_gltf_view_shader.o' to 'Bike\lv_gltf_view_shader_1.o'.Note: source file '../Middlewares/lvgl/src/others/vg_lite_tvg/vg_lite_matrix.c' - object file renamed from 'Bike\vg_lite_matrix.o' to 'Bike\vg_lite_matrix_1.o'.assembling startup_stm32f405xx.s...
compiling i2c.c...
compiling stm32f4xx_it.c...
compiling dma.c...
compiling stm32f4xx_hal_flash.c...
compiling usart.c...
compiling stm32f4xx_hal_timebase_tim.c...
compiling spi.c...
compiling stm32f4xx_hal_rcc.c...
compiling stm32f4xx_hal_msp.c...
compiling main.c...
compiling gpio.c...
compiling stm32f4xx_hal_tim.c...
compiling stm32f4xx_hal_tim_ex.c...
compiling stm32f4xx_hal_rcc_ex.c...
compiling freertos.c...
compiling stm32f4xx_hal_flash_ex.c...
compiling stm32f4xx_hal_pwr_ex.c...
compiling stm32f4xx_hal_exti.c...
compiling croutine.c...
compiling stm32f4xx_hal_flash_ramfunc.c...
compiling event_groups.c...
compiling list.c...
compiling queue.c...
compiling stm32f4xx_hal_dma.c...
compiling stm32f4xx_hal_gpio.c...
compiling stream_buffer.c...
compiling timers.c...
compiling tasks.c...
compiling stm32f4xx_hal_i2c.c...
compiling heap_4.c...
compiling stm32f4xx_hal_cortex.c...
compiling stm32f4xx_hal.c...
compiling port.c...
compiling stm32f4xx_hal_uart.c...
compiling stm32f4xx_hal_spi.c...
compiling stm32f4xx_hal_dma_ex.c...
compiling stm32f4xx_hal_pwr.c...
compiling stm32f4xx_hal_i2c_ex.c...
compiling img_benchmark_avatar.c...
compiling img_benchmark_lvgl_logo_rgb.c...
compiling img_benchmark_lvgl_logo_argb.c...
compiling lv_font_benchmark_montserrat_12_aligned.c...
compiling lv_font_benchmark_montserrat_16_aligned.c...
compiling lv_font_benchmark_montserrat_14_aligned.c...
compiling lv_font_benchmark_montserrat_18_aligned.c...
compiling lv_font_benchmark_montserrat_20_aligned.c...
compiling lv_font_benchmark_montserrat_24_aligned.c...
compiling lv_font_benchmark_montserrat_26_aligned.c...
compiling lv_demo_gltf.c...
compiling lv_demo_keypad_encoder.c...
compiling lv_demos.c...
compiling img_lv_demo_music_btn_corner_large.c...
compiling lv_demo_benchmark.c...
../Middlewares/lvgl/demos/benchmark/lv_demo_benchmark.c(34): warning:  #1215-D: #warning directive: "It's recommended to have at least 128kB RAM for the benchmark"
      #warning "It's recommended to have at least 128kB RAM for the benchmark"
../Middlewares/lvgl/demos/benchmark/lv_demo_benchmark.c: 1 warning, 0 errors
compiling img_lv_demo_music_btn_list_pause.c...
compiling img_lv_demo_music_btn_list_pause_large.c...
compiling img_lv_demo_music_btn_list_play.c...
compiling img_lv_demo_music_btn_loop.c...
compiling img_lv_demo_music_btn_list_play_large.c...
compiling img_lv_demo_music_btn_loop_large.c...
compiling system_stm32f4xx.c...
compiling Int_CST6189.c...
compiling img_lv_demo_music_btn_next.c...
compiling img_lv_demo_music_btn_next_large.c...
compiling Com_Debug.c...
compiling img_lv_demo_music_btn_pause.c...
compiling img_lv_demo_music_btn_pause_large.c...
compiling cmsis_os2.c...
compiling img_lv_demo_music_btn_play.c...
compiling img_lv_demo_music_btn_play_large.c...
compiling img_lv_demo_music_btn_prev.c...
compiling img_lv_demo_music_corner_left.c...
compiling img_lv_demo_music_btn_rnd.c...
compiling img_lv_demo_music_btn_rnd_large.c...
compiling img_lv_demo_music_corner_left_large.c...
compiling img_lv_demo_music_btn_prev_large.c...
compiling img_lv_demo_music_corner_right.c...
compiling img_lv_demo_music_corner_right_large.c...
compiling img_lv_demo_music_cover_1.c...
compiling img_lv_demo_music_cover_2.c...
compiling img_lv_demo_music_cover_1_large.c...
compiling img_lv_demo_music_cover_3.c...
compiling img_lv_demo_music_cover_2_large.c...
compiling img_lv_demo_music_cover_3_large.c...
compiling img_lv_demo_music_icon_1.c...
compiling img_lv_demo_music_icon_2.c...
compiling img_lv_demo_music_icon_1_large.c...
compiling img_lv_demo_music_icon_3.c...
compiling img_lv_demo_music_icon_2_large.c...
compiling img_lv_demo_music_icon_4_large.c...
compiling img_lv_demo_music_icon_3_large.c...
compiling img_lv_demo_music_icon_4.c...
compiling img_lv_demo_music_list_border.c...
compiling img_lv_demo_music_list_border_large.c...
compiling img_lv_demo_music_logo.c...
compiling img_lv_demo_music_slider_knob.c...
compiling img_lv_demo_music_slider_knob_large.c...
compiling img_lv_demo_music_wave_bottom.c...
compiling img_lv_demo_music_wave_top.c...
compiling img_lv_demo_music_wave_bottom_large.c...
compiling img_lv_demo_music_wave_top_large.c...
compiling lv_demo_music.c...
compiling lv_demo_music_list.c...
compiling img_render_lvgl_logo_argb8888.c...
compiling lv_demo_music_main.c...
compiling img_render_arc_bg.c...
compiling img_render_lvgl_logo_i1.c...
compiling img_render_lvgl_logo_argb8888_premultiplied.c...
compiling img_render_lvgl_logo_l8.c...
compiling img_render_lvgl_logo_rgb565.c...
compiling img_render_lvgl_logo_rgb565a8.c...
compiling img_render_lvgl_logo_rgb565_swapped.c...
compiling img_render_lvgl_logo_rgb888.c...
compiling img_render_lvgl_logo_xrgb8888.c...
compiling lv_demo_render.c...
compiling lv_demo_stress.c...
compiling lv_demo_vector_graphic.c...
compiling img_demo_vector_avatar.c...
compiling lv_group.c...
compiling lv_obj.c...
compiling img_clothes.c...
compiling lv_demo_widgets_components.c...
compiling img_demo_widgets_needle.c...
compiling img_lvgl_logo.c...
compiling lv_obj_class.c...
compiling lv_demo_widgets_shop.c...
compiling img_demo_widgets_avatar.c...
compiling lv_demo_widgets_profile.c...
compiling lv_obj_draw.c...
compiling lv_demo_widgets_analytics.c...
compiling lv_obj_event.c...
compiling lv_demo_widgets.c...
compiling lv_draw_buf_convert_helium.c...
compiling lv_draw_buf_convert_neon.c...
compiling lv_draw_buf_convert.c...
compiling lv_obj_id_builtin.c...
compiling lv_draw_dma2d.c...
compiling lv_draw_dma2d_fill.c...
compiling lv_draw_dma2d_img.c...
compiling lv_obj_property.c...
compiling lv_draw_ppa_fill.c...
compiling lv_draw_ppa_buf.c...
compiling lv_obj_pos.c...
compiling lv_draw_ppa.c...
compiling lv_obj_scroll.c...
compiling lv_obj_style_gen.c...
compiling lv_draw_ppa_img.c...
compiling lv_draw_eve.c...
compiling lv_draw_eve_arc.c...
compiling lv_obj_tree.c...
compiling lv_draw_eve_fill.c...
compiling lv_obj_style.c...
../Middlewares/lvgl/src/core/lv_obj_style.c(789): warning:  #191-D: type qualifier is meaningless on cast type
      const 
ool skip_trans = (const 
ool) obj->skip_trans;
../Middlewares/lvgl/src/core/lv_obj_style.c: 1 warning, 0 errors
compiling lv_refr.c...
compiling lv_display.c...
compiling lv_draw_eve_letter.c...
compiling lv_draw_eve_image.c...
compiling lv_draw_eve_line.c...
compiling lv_draw_eve_triangle.c...
compiling lv_draw_eve_ram_g.c...
compiling lv_eve.c...
compiling lv_draw_3d.c...
compiling lv_draw.c...
compiling lv_draw_nema_gfx_arc.c...
compiling lv_draw_arc.c...
compiling lv_draw_nema_gfx_border.c...
compiling lv_draw_vector.c...
compiling lv_draw_nema_gfx_fill.c...
compiling lv_draw_nema_gfx_img.c...
compiling lv_draw_buf.c...
compiling lv_draw_line.c...
compiling lv_draw_nema_gfx.c...
compiling lv_draw_image.c...
compiling lv_draw_mask.c...
compiling lv_draw_nema_gfx_label.c...
compiling lv_draw_triangle.c...
compiling lv_draw_rect.c...
compiling lv_draw_nema_gfx_stm32_hal.c...
compiling lv_draw_nema_gfx_line.c...
compiling lv_draw_nema_gfx_layer.c...
compiling lv_draw_nema_gfx_triangle.c...
compiling lv_image_decoder.c...
compiling lv_draw_label.c...
compiling lv_draw_buf_g2d.c...
compiling lv_draw_nema_gfx_vector.c...
compiling lv_draw_nema_gfx_utils.c...
compiling lv_draw_g2d_fill.c...
compiling lv_g2d_utils.c...
compiling lv_draw_g2d_img.c...
compiling lv_draw_g2d.c...
compiling lv_draw_pxp.c...
compiling lv_g2d_buf_map.c...
compiling lv_draw_buf_pxp.c...
compiling lv_draw_pxp_img.c...
compiling lv_draw_pxp_fill.c...
compiling lv_nema_gfx_path.c...
compiling lv_pxp_osa.c...
compiling lv_pxp_utils.c...
compiling lv_pxp_cfg.c...
compiling lv_draw_pxp_layer.c...
compiling lv_draw_dave2d.c...
compiling lv_draw_opengles.c...
compiling lv_draw_dave2d_arc.c...
compiling lv_draw_dave2d_line.c...
compiling lv_draw_dave2d_image.c...
compiling lv_draw_dave2d_border.c...
compiling lv_draw_dave2d_label.c...
compiling lv_draw_dave2d_utils.c...
compiling lv_draw_dave2d_fill.c...
compiling lv_draw_dave2d_mask_rectangle.c...
compiling lv_draw_dave2d_triangle.c...
compiling lv_draw_sdl.c...
compiling lv_draw_sw_blend.c...
compiling lv_draw_sw_blend_neon_to_rgb888.c...
compiling lv_draw_sw_blend_to_al88.c...
compiling lv_draw_sw_blend_neon_to_rgb565.c...
compiling lv_draw_sw_blend_to_argb8888_premultiplied.c...
compiling lv_draw_sw_blend_to_argb8888.c...
compiling lv_draw_sw_blend_to_i1.c...
compiling lv_draw_sw_arc.c...
compiling lv_draw_sw_grad.c...
compiling lv_draw_sw_blend_to_l8.c...
compiling lv_draw_sw_border.c...
compiling lv_draw_sw.c...
compiling lv_draw_sw_blend_to_rgb565.c...
compiling lv_draw_sw_blend_to_rgb888.c...
compiling lv_draw_sw_fill.c...
compiling lv_draw_sw_blend_to_rgb565_swapped.c...
compiling lv_draw_sw_box_shadow.c...
compiling lv_draw_sw_letter.c...
compiling lv_port_disp.c...
compiling lv_port_indev.c...
compiling lv_draw_sw_line.c...
compiling lv_draw_buf_vg_lite.c...
compiling lv_draw_sw_mask_rect.c...
compiling lv_draw_vg_lite.c...
compiling lv_draw_sw_img.c...
compiling lv_draw_sw_utils.c...
compiling lv_draw_sw_triangle.c...
compiling lv_draw_vg_lite_box_shadow.c...
compiling lv_draw_sw_vector.c...
compiling lv_draw_vg_lite_fill.c...
compiling lv_draw_sw_transform.c...
compiling lv_draw_vg_lite_arc.c...
compiling lv_draw_vg_lite_line.c...
compiling lv_draw_sw_mask.c...
compiling lv_draw_vg_lite_layer.c...
compiling lv_draw_vg_lite_vector.c...
compiling lv_draw_vg_lite_triangle.c...
compiling lv_draw_vg_lite_border.c...
compiling lv_draw_vg_lite_mask_rect.c...
compiling lv_draw_vg_lite_img.c...
compiling lv_vg_lite_decoder.c...
compiling lv_vg_lite_math.c...
compiling lv_ft81x.c...
compiling lv_linux_drm.c...
compiling lv_linux_drm_egl.c...
compiling lv_draw_vg_lite_label.c...
compiling lv_linux_fbdev.c...
compiling lv_linux_drm_common.c...
compiling lv_ili9341.c...
compiling lv_lovyan_gfx.cpp...
compiling lv_lcd_generic_mipi.c...
compiling lv_nv3007.c...
compiling lv_vg_lite_grad.c...
compiling lv_renesas_glcdc.c...
compiling lv_tft_espi.cpp...
compiling lv_vg_lite_pending.c...
compiling lv_vg_lite_stroke.c...
compiling lv_vg_lite_path.c...
compiling lv_draw_eve_display.c...
compiling lv_st_ltdc.c...
compiling lv_evdev.c...
compiling lv_xkb.c...
compiling lv_st7796.c...
compiling lv_st7735.c...
compiling lv_st7789.c...
compiling lv_vg_lite_utils.c...
compiling lv_libinput.c...
compiling lv_nxp_elcdif.c...
compiling lv_nuttx_entry.c...
compiling lv_nuttx_mouse.c...
compiling lv_nuttx_fbdev.c...
compiling lv_nuttx_lcd.c...
compiling lv_nuttx_cache.c...
compiling egl.c...
compiling lv_opengles_shader.c...
compiling lv_opengles_glfw.c...
compiling gles2.c...
compiling lv_opengles_driver.c...
compiling lv_opengles_debug.c...
compiling lv_opengles_egl.c...
compiling lv_nuttx_touchscreen.c...
compiling lv_opengles_texture.c...
compiling lv_opengl_shader_manager.c...
compiling lv_opengl_shader_program.c...
compiling lv_nuttx_profiler.c...
compiling lv_nuttx_image_cache.c...
compiling lv_qnx.c...
compiling lv_sdl_keyboard.c...
compiling lv_sdl_mouse.c...
compiling lv_sdl_mousewheel.c...
compiling lv_nuttx_libuv.c...
compiling lv_wayland.c...
compiling lv_sdl_window.c...
compiling lv_wl_cache.c...
compiling lv_wayland_smm.c...
compiling lv_wl_dmabuf.c...
compiling lv_wl_shm.c...
compiling lv_wl_seat.c...
compiling lv_wl_window_decorations.c...
compiling lv_wl_xdg_shell.c...
compiling lv_wl_window.c...
compiling lv_wl_pointer_axis.c...
compiling lv_wl_keyboard.c...
compiling lv_wl_pointer.c...
compiling lv_windows_display.c...
compiling lv_windows_context.c...
compiling lv_windows_input.c...
compiling lv_x11_display.c...
compiling lv_wl_touch.c...
compiling lv_uefi_display.c...
compiling lv_x11_input.c...
compiling lv_uefi_indev_touch.c...
compiling lv_uefi_private.c...
compiling lv_uefi_indev_keyboard.c...
compiling lv_uefi_context.c...
compiling lv_uefi_indev_pointer.c...
compiling lv_font.c...
compiling lv_font_fmt_txt.c...
compiling lv_binfont_loader.c...
compiling lv_font_montserrat_10.c...
compiling lv_font_dejavu_16_persian_hebrew.c...
compiling lv_font_montserrat_12.c...
compiling lv_font_montserrat_14.c...
compiling lv_font_montserrat_14_aligned.c...
compiling lv_font_montserrat_16.c...
compiling lv_font_montserrat_18.c...
compiling lv_font_montserrat_22.c...
compiling lv_font_montserrat_24.c...
compiling lv_font_montserrat_28_compressed.c...
compiling lv_font_montserrat_20.c...
compiling lv_font_montserrat_26.c...
compiling lv_font_montserrat_28.c...
compiling lv_font_montserrat_30.c...
compiling lv_font_montserrat_32.c...
compiling lv_font_montserrat_34.c...
compiling lv_font_montserrat_36.c...
compiling lv_font_montserrat_40.c...
compiling lv_font_montserrat_38.c...
compiling lv_font_montserrat_42.c...
compiling lv_font_montserrat_44.c...
compiling lv_font_montserrat_46.c...
compiling lv_font_montserrat_48.c...
compiling lv_font_montserrat_8.c...
compiling lv_font_source_han_sans_sc_14_cjk.c...
compiling lv_font_source_han_sans_sc_16_cjk.c...
compiling lv_font_unscii_16.c...
compiling lv_font_unscii_8.c...
compiling lv_indev.c...
compiling xmlparse.c...
compiling xmlrole.c...
compiling lv_indev_gesture.c...
compiling xmltok.c...
compiling lv_indev_scroll.c...
compiling xmltok_impl.c...
compiling xmltok_ns.c...
compiling lv_freetype.c...
compiling lv_ffmpeg.c...
compiling lv_layout.c...
compiling lv_flex.c...
compiling lv_grid.c...
compiling frogfs.c...
compiling decomp_raw.c...
compiling lv_bin_decoder.c...
compiling lv_fs_cbfs.c...
compiling code128.c...
compiling lv_barcode.c...
compiling lv_bmp.c...
compiling lv_freetype_glyph.c...
compiling EVE_commands.c...
compiling lv_freetype_image.c...
compiling EVE_supplemental.c...
compiling lv_ftsystem.c...
compiling lv_gif.c...
compiling lv_freetype_outline.c...
compiling lv_fs_arduino_sd.cpp...
compiling lv_fs_arduino_esp_littlefs.cpp...
compiling lv_gltf_bind.cpp...
compiling lv_fs_frogfs.c...
compiling lv_gltf_data.cpp...
compiling lv_gltf_data_animations.cpp...
compiling lv_fs_fatfs.c...
compiling gif.c...
../Middlewares/lvgl/src/libs/gif/AnimatedGIF/src/gif.c(1155): warning:  #170-D: pointer points outside of underlying object
      pHighWater = pImage->ucLZW + 
ZW_HIGHWATER_TURBO;
../Middlewares/lvgl/src/libs/gif/AnimatedGIF/src/gif.c: 1 warning, 0 errors
compiling lv_gltf_data_cache.cpp...
compiling lv_fs_littlefs.c...
compiling lv_fs_posix.c...
compiling lv_fs_stdio.c...
compiling lv_fs_memfs.c...
compiling lv_fs_uefi.c...
compiling lv_gltf_data_injest.cpp...
compiling lv_gltf_data_node.cpp...
compiling lv_gltf_data_mesh.cpp...
compiling lv_fs_win32.c...
compiling lv_gltf_data_primitive.cpp...
compiling lv_gltf_data_shader.cpp...
compiling lv_gltf_uniform_locations.cpp...
compiling lv_gltf_data_texture.cpp...
compiling lv_gltf_ibl_sampler.c...
compiling chromatic.c...
compiling lv_gltf_data_skin.cpp...
compiling lv_gltf_view_shader.c...
compiling lv_gltf_view.cpp...
compiling lv_gltf_view_render.cpp...
compiling lv_gltf_view_shader.cpp...
compiling lv_gltf_math.cpp...
compiling lv_gstreamer.c...
compiling lz4.c...
compiling lv_svg.c...
compiling lv_svg_parser.c...
compiling lv_rle.c...
compiling tvgAccessor.cpp...
compiling tvgAnimation.cpp...
compiling lv_svg_token.c...
compiling lv_qrcode.c...
compiling lodepng.c...
compiling lv_libpng.c...
compiling lv_libjpeg_turbo.c...
compiling tvgCanvas.cpp...
compiling tvgCompressor.cpp...
compiling tvgFill.cpp...
compiling tvgLoader.cpp...
compiling tvgInitializer.cpp...
compiling tvgCapi.cpp...
compiling tvgGlCanvas.cpp...
compiling qrcodegen.c...
compiling tvgLottieAnimation.cpp...
compiling lv_lodepng.c...
compiling lv_rlottie.c...
compiling lv_svg_decoder.c...
compiling lv_svg_render.c...
compiling tvgLottieExpressions.cpp...
compiling tvgLottieBuilder.cpp...
compiling tvgLottieInterpolator.cpp...
compiling tvgLottieModel.cpp...
compiling tvgLottieLoader.cpp...
compiling tvgLottieParserHandler.cpp...
compiling tvgPaint.cpp...
compiling tvgLottieParser.cpp...
compiling tvgPicture.cpp...
compiling tvgMath.cpp...
compiling tvgLottieModifier.cpp...
compiling tvgSaver.cpp...
compiling tvgRawLoader.cpp...
compiling tvgRender.cpp...
compiling tvgScene.cpp...
compiling tvgSvgCssStyle.cpp...
compiling tvgStr.cpp...
compiling tvgSvgPath.cpp...
compiling tvgSvgLoader.cpp...
compiling tvgShape.cpp...
compiling tvgSvgSceneBuilder.cpp...
compiling tvgSvgUtil.cpp...
compiling tvgSwCanvas.cpp...
compiling tvgSwFill.cpp...
compiling tvgSwImage.cpp...
compiling tvgSwMath.cpp...
compiling tvgSwPostEffect.cpp...
compiling tvgSwMemPool.cpp...
compiling tvgSwRaster.cpp...
compiling tvgSwRenderer.cpp...
compiling tvgSwShape.cpp...
compiling tvgSwRle.cpp...
compiling tvgSwStroke.cpp...
compiling tvgTaskScheduler.cpp...
compiling tvgText.cpp...
compiling tvgWgCanvas.cpp...
compiling tvgXmlParser.cpp...
compiling tjpgd.c...
compiling lv_vg_lite_hal.c...
compiling vg_lite.c...
compiling vg_lite_os.c...
compiling vg_lite_image.c...
compiling vg_lite_matrix.c...
compiling vg_lite_stroke.c...
compiling vg_lite_path.c...
compiling vg_lite_kernel.c...
compiling lv_cache_lru_ll.c...
compiling lv_cache_sc_da.c...
compiling lv_cache_lru_rb.c...
../Middlewares/lvgl/src/misc/cache/class/lv_cache_lru_rb.c(161): warning:  #546-D: transfer of control bypasses initialization of:
            variable "data"  (declared at line 163)
            variable "entry"  (declared at line 164)
            variable "lru_node"  (declared at line 167)
          goto FAILED_HANDLER2;
          ^
../Middlewares/lvgl/src/misc/cache/class/lv_cache_lru_rb.c: 1 warning, 0 errors
compiling lv_cache_entry.c...
compiling lv_cache.c...
compiling lv_async.c...
compiling lv_array.c...
compiling lv_anim_timeline.c...
compiling lv_circle_buf.c...
compiling lv_bidi.c...
compiling lv_color.c...
compiling lv_tiny_ttf.c...
compiling lv_color_op.c...
compiling lv_init.c...
compiling lv_image_cache.c...
compiling lv_tjpgd.c...
compiling lv_image_header_cache.c...
compiling lv_iter.c...
compiling lv_ll.c...
compiling lv_grad.c...
compiling lv_lru.c...
../Middlewares/lvgl/src/misc/lv_lru.c(237): warning:  #68-D: integer conversion resulted in a change of sign
      uint32_t i = 0, min_index = -1;
../Middlewares/lvgl/src/misc/lv_lru.c(238): warning:  #68-D: integer conversion resulted in a change of sign
      uint64_t min_access_count = -1;
../Middlewares/lvgl/src/misc/lv_lru.c: 2 warnings, 0 errors
compiling lv_matrix.c...
compiling lv_area.c...
compiling lv_anim.c...
compiling lv_palette.c...
compiling lv_profiler_builtin_posix.c...
compiling lv_event.c...
compiling lv_rb.c...
../Middlewares/lvgl/src/misc/lv_rb.c(429): warning:  #1293-D: assignment in condition
      while((parent = node->parent) && parent->color == LV_RB_COLOR_RED) {
../Middlewares/lvgl/src/misc/lv_rb.c: 1 warning, 0 errors
compiling lv_templ.c...
compiling lv_fs.c...
compiling lv_log.c...
compiling lv_style_gen.c...
compiling lv_math.c...
compiling lv_tree.c...
compiling lv_linux.c...
compiling lv_cmsis_rtos2.c...
compiling lv_mqx.c...
compiling lv_text_ap.c...
compiling lv_utils.c...
compiling lv_text.c...
compiling lv_os_none.c...
compiling lv_style.c...
compiling lv_pthread.c...
compiling lv_freertos.c...
compiling lv_profiler_builtin.c...
compiling lv_timer.c...
compiling lv_rtthread.c...
compiling lv_sdl2.c...
compiling lv_windows.c...
compiling lv_os.c...
compiling lv_font_manager_recycle.c...
compiling lv_font_manager.c...
compiling lv_file_explorer.c...
compiling lv_monkey.c...
compiling lv_test_display.c...
compiling lv_test_helpers.c...
compiling lv_test_screenshot_compare.c...
compiling lv_test_indev.c...
compiling lv_translation.c...
compiling lv_test_indev_gesture.c...
compiling lv_fragment.c...
compiling lv_gridnav.c...
compiling lv_ime_pinyin.c...
compiling lv_fragment_manager.c...
compiling vg_lite_matrix.c...
compiling lv_sysmon.c...
compiling lv_snapshot.c...
compiling vg_lite_tvg.cpp...
compiling lv_xml.c...
compiling lv_xml_parser.c...
compiling lv_xml_component.c...
compiling lv_xml_load.c...
compiling lv_imgfont.c...
compiling lv_xml_test.c...
compiling lv_xml_update.c...
compiling lv_xml_utils.c...
compiling lv_xml_bar_parser.c...
compiling lv_xml_arc_parser.c...
compiling lv_xml_widget.c...
compiling lv_xml_buttonmatrix_parser.c...
compiling lv_xml_button_parser.c...
compiling lv_observer.c...
compiling lv_xml_calendar_parser.c...
compiling lv_xml_checkbox_parser.c...
compiling lv_xml_canvas_parser.c...
compiling lv_xml_dropdown_parser.c...
compiling lv_xml_image_parser.c...
compiling lv_xml_chart_parser.c...
compiling lv_xml_label_parser.c...
compiling lv_xml_keyboard_parser.c...
compiling lv_xml_qrcode_parser.c...
compiling lv_xml_obj_parser.c...
compiling lv_xml_base_types.c...
compiling lv_xml_translation.c...
compiling lv_xml_style.c...
compiling lv_xml_scale_parser.c...
compiling lv_xml_spangroup_parser.c...
compiling lv_xml_slider_parser.c...
compiling lv_xml_roller_parser.c...
compiling lv_xml_table_parser.c...
compiling lv_xml_tabview_parser.c...
compiling lv_xml_spinbox_parser.c...
compiling lv_xml_switch_parser.c...
compiling lv_xml_textarea_parser.c...
compiling lv_mem_core_clib.c...
compiling lv_sprintf_clib.c...
compiling lv_string_clib.c...
compiling lv_string_builtin.c...
compiling lv_sprintf_builtin.c...
compiling lv_tlsf.c...
../Middlewares/lvgl/src/stdlib/builtin/lv_tlsf.c(897): warning:  #68-D: integer conversion resulted in a change of sign
          offset_to_block(pool, -(int)block_header_overhead);
../Middlewares/lvgl/src/stdlib/builtin/lv_tlsf.c(999): warning:  #68-D: integer conversion resulted in a change of sign
      block = offset_to_block(mem, -(tlsfptr_t)block_header_overhead);
../Middlewares/lvgl/src/stdlib/builtin/lv_tlsf.c(1017): warning:  #68-D: integer conversion resulted in a change of sign
      block_header_t * block = offset_to_block(pool, -(int)block_header_overhead);
../Middlewares/lvgl/src/stdlib/builtin/lv_tlsf.c: 3 warnings, 0 errors
compiling lv_mem_core_builtin.c...
compiling lv_mem_core_micropython.c...
compiling lv_mem.c...
compiling lv_string_rtthread.c...
compiling lv_mem_core_rtthread.c...
compiling lv_sprintf_rtthread.c...
compiling lv_mem_core_uefi.c...
compiling lv_3dtexture.c...
compiling lv_animimage.c...
compiling lv_tick.c...
compiling lv_arclabel.c...
../Middlewares/lvgl/src/widgets/arclabel/lv_arclabel.c(629): warning:  #1035-D: single-precision operand implicitly converted to double-precision
      return (lv_value_precise_t)(deg * radius * 
_PI / 180);
../Middlewares/lvgl/src/widgets/arclabel/lv_arclabel.c(638): warning:  #1035-D: single-precision operand implicitly converted to double-precision
      return (lv_value_precise_t)(rad * 180 / 
_PI / radius);
../Middlewares/lvgl/src/widgets/arclabel/lv_arclabel.c: 2 warnings, 0 errors
compiling lv_button.c...
compiling lv_calendar_chinese.c...
compiling lv_arc.c...
compiling lv_calendar_header_arrow.c...
compiling lv_calendar_header_dropdown.c...
compiling lv_bar.c...
compiling lv_buttonmatrix.c...
compiling lv_theme.c...
compiling lv_theme_simple.c...
compiling lv_canvas.c...
compiling lv_theme_mono.c...
compiling lv_calendar.c...
compiling lv_checkbox.c...
compiling lv_theme_default.c...
compiling lv_objx_templ.c...
compiling lv_lottie.c...
compiling lv_chart.c...
compiling lv_keyboard.c...
compiling lv_led.c...
compiling lv_list.c...
compiling lv_line.c...
compiling lv_imagebutton.c...
compiling lv_image.c...
compiling lv_dropdown.c...
compiling lv_animimage_properties.c...
compiling lv_label.c...
compiling lv_dropdown_properties.c...
compiling lv_msgbox.c...
compiling lv_menu.c...
compiling lv_keyboard_properties.c...
compiling lv_image_properties.c...
compiling lv_obj_properties.c...
compiling lv_style_properties.c...
compiling lv_label_properties.c...
compiling lv_roller_properties.c...
compiling lv_slider_properties.c...
compiling lv_textarea_properties.c...
compiling lv_switch.c...
compiling lv_roller.c...
compiling lv_slider.c...
compiling lv_spinbox.c...
compiling lv_tileview.c...
compiling lv_scale.c...
compiling lv_textarea.c...
compiling lv_table.c...
compiling lv_span.c...
../Middlewares/lvgl/src/widgets/span/lv_span.c(1215): warning:  #546-D: transfer of control bypasses initialization of:
            variable "align_ofs"  (declared at line 1229)
            variable "txts_w"  (declared at line 1230)
              goto Next_line_init;
              ^
../Middlewares/lvgl/src/widgets/span/lv_span.c: 1 warning, 0 errors
compiling lv_spinner.c...
compiling lv_win.c...
compiling lv_tabview.c...
linking...
Program Size: Code=395860 RO-data=261988 RW-data=1208 ZI-data=92544  
FromELF: creating hex file...
"Bike\Bike.axf" - 0 Error(s), 13 Warning(s).
Build Time Elapsed:  00:01:19
